<?xml version="1.0" encoding="UTF-8"?>
<!-- Generated by org.testng.reporters.JUnitReportReporter -->
<testsuite hostname="Macintoshs-MBP.net.fpt" failures="0" tests="1" name="test.Test1_GoogleSearch_TestNG_Demo" time="3.027" errors="0" timestamp="2020-02-06T23:46:37 ICT" skipped="0">
  <testcase classname="test.Test1_GoogleSearch_TestNG_Demo" name="googleSearch" time="3.027"/>
</testsuite> <!-- test.Test1_GoogleSearch_TestNG_Demo -->
